
> @chefcloud/api@0.1.0 build /workspaces/chefcloud/services/api
> nest build

[96msrc/common/cache.invalidation.spec.ts[0m:[93m88[0m:[93m62[0m - [91merror[0m[90m TS2345: [0mArgument of type 'null' is not assignable to parameter of type 'string[] | Promise<string[]>'.

[7m88[0m       jest.spyOn(redisService, 'sMembers').mockResolvedValue(null);
[7m  [0m [91m                                                             ~~~~[0m
[96msrc/common/cache.invalidation.ts[0m:[93m74[0m:[93m28[0m - [91merror[0m[90m TS2556: [0mA spread argument must either have a tuple type or be passed to a rest parameter.

[7m74[0m       await this.redis.del(...cachedKeys);
[7m  [0m [91m                           ~~~~~~~~~~~~~[0m
[96msrc/common/cache.invalidation.ts[0m:[93m84[0m:[93m70[0m - [91merror[0m[90m TS18046: [0m'error' is of type 'unknown'.

[7m84[0m         `Redis unavailable during bustPrefix(${prefix}, ${orgId}): ${error.message}`,
[7m  [0m [91m                                                                     ~~~~~[0m

Found 3 error(s).

â€‰ELIFECYCLEâ€‰ Command failed with exit code 1.
